<?xml version="1.0" encoding="UTF-8"?>
<testng-results ignored="0" total="2" passed="2" failed="0" skipped="0">
  <reporter-output>
  </reporter-output>
  <suite started-at="2023-04-29T16:24:49 IST" name="Default suite" finished-at="2023-04-29T16:25:11 IST" duration-ms="21857">
    <groups>
    </groups>
    <test started-at="2023-04-29T16:24:49 IST" name="Default test" finished-at="2023-04-29T16:25:11 IST" duration-ms="21857">
      <class name="com.Swaglab.TestCases.OverviewPageTest">
        <test-method is-config="true" signature="browserSetup()[pri:0, instance:com.Swaglab.TestCases.OverviewPageTest@7cc0cdad]" started-at="2023-04-29T16:24:49 IST" name="browserSetup" finished-at="2023-04-29T16:25:09 IST" duration-ms="19434" status="PASS">
          <reporter-output>
          </reporter-output>
        </test-method> <!-- browserSetup -->
        <test-method is-config="true" signature="PageSetup()[pri:0, instance:com.Swaglab.TestCases.OverviewPageTest@7cc0cdad]" started-at="2023-04-29T16:25:09 IST" name="PageSetup" finished-at="2023-04-29T16:25:11 IST" duration-ms="1838" status="PASS">
          <reporter-output>
          </reporter-output>
        </test-method> <!-- PageSetup -->
        <test-method signature="overViewPageTest()[pri:1, instance:com.Swaglab.TestCases.OverviewPageTest@7cc0cdad]" started-at="2023-04-29T16:25:11 IST" name="overViewPageTest" finished-at="2023-04-29T16:25:11 IST" duration-ms="119" status="PASS">
          <reporter-output>
          </reporter-output>
        </test-method> <!-- overViewPageTest -->
        <test-method signature="finishBtnTest()[pri:2, instance:com.Swaglab.TestCases.OverviewPageTest@7cc0cdad]" started-at="2023-04-29T16:25:11 IST" name="finishBtnTest" finished-at="2023-04-29T16:25:11 IST" duration-ms="132" status="PASS">
          <reporter-output>
          </reporter-output>
        </test-method> <!-- finishBtnTest -->
      </class> <!-- com.Swaglab.TestCases.OverviewPageTest -->
    </test> <!-- Default test -->
  </suite> <!-- Default suite -->
</testng-results>
